find_header: checking for float.h... -------------------- yes

"/usr/local/opt/apple-gcc42/bin/gcc-4.2 -E -I. -I/Users/carlos/.rvm/rubies/ruby-1.8.7-p358/lib/ruby/1.8/i686-darwin13.1.0 -I.  -D_XOPEN_SOURCE -D_DARWIN_C_SOURCE   -O3 -I/usr/local/opt/libyaml/include -I/usr/local/opt/readline/include -I/usr/local/opt/libksba/include -I/usr/local/opt/openssl098/include  -fno-common -pipe -fno-common    conftest.c -o conftest.i"
checked program was:
/* begin */
1: #include <float.h>
/* end */

--------------------

find_header: checking for ruby.h... -------------------- yes

"/usr/local/opt/apple-gcc42/bin/gcc-4.2 -E -I. -I/Users/carlos/.rvm/rubies/ruby-1.8.7-p358/lib/ruby/1.8/i686-darwin13.1.0 -I.  -D_XOPEN_SOURCE -D_DARWIN_C_SOURCE   -O3 -I/usr/local/opt/libyaml/include -I/usr/local/opt/readline/include -I/usr/local/opt/libksba/include -I/usr/local/opt/openssl098/include  -fno-common -pipe -fno-common    conftest.c -o conftest.i"
checked program was:
/* begin */
1: #include <ruby.h>
/* end */

--------------------

find_header: checking for stdlib.h... -------------------- yes

"/usr/local/opt/apple-gcc42/bin/gcc-4.2 -E -I. -I/Users/carlos/.rvm/rubies/ruby-1.8.7-p358/lib/ruby/1.8/i686-darwin13.1.0 -I.  -D_XOPEN_SOURCE -D_DARWIN_C_SOURCE   -O3 -I/usr/local/opt/libyaml/include -I/usr/local/opt/readline/include -I/usr/local/opt/libksba/include -I/usr/local/opt/openssl098/include  -fno-common -pipe -fno-common    conftest.c -o conftest.i"
checked program was:
/* begin */
1: #include <stdlib.h>
/* end */

--------------------

find_header: checking for string.h... -------------------- yes

"/usr/local/opt/apple-gcc42/bin/gcc-4.2 -E -I. -I/Users/carlos/.rvm/rubies/ruby-1.8.7-p358/lib/ruby/1.8/i686-darwin13.1.0 -I.  -D_XOPEN_SOURCE -D_DARWIN_C_SOURCE   -O3 -I/usr/local/opt/libyaml/include -I/usr/local/opt/readline/include -I/usr/local/opt/libksba/include -I/usr/local/opt/openssl098/include  -fno-common -pipe -fno-common    conftest.c -o conftest.i"
checked program was:
/* begin */
1: #include <string.h>
/* end */

--------------------

have_header: checking for fcntl.h... -------------------- yes

"/usr/local/opt/apple-gcc42/bin/gcc-4.2 -E -I. -I/Users/carlos/.rvm/rubies/ruby-1.8.7-p358/lib/ruby/1.8/i686-darwin13.1.0 -I.  -D_XOPEN_SOURCE -D_DARWIN_C_SOURCE   -O3 -I/usr/local/opt/libyaml/include -I/usr/local/opt/readline/include -I/usr/local/opt/libksba/include -I/usr/local/opt/openssl098/include  -fno-common -pipe -fno-common    conftest.c -o conftest.i"
checked program was:
/* begin */
1: #include <fcntl.h>
/* end */

--------------------

have_header: checking for sys/errno.h... -------------------- yes

"/usr/local/opt/apple-gcc42/bin/gcc-4.2 -E -I. -I/Users/carlos/.rvm/rubies/ruby-1.8.7-p358/lib/ruby/1.8/i686-darwin13.1.0 -I.  -D_XOPEN_SOURCE -D_DARWIN_C_SOURCE   -O3 -I/usr/local/opt/libyaml/include -I/usr/local/opt/readline/include -I/usr/local/opt/libksba/include -I/usr/local/opt/openssl098/include  -fno-common -pipe -fno-common    conftest.c -o conftest.i"
checked program was:
/* begin */
1: #include <sys/errno.h>
/* end */

--------------------

have_header: checking for sys/socket.h... -------------------- yes

"/usr/local/opt/apple-gcc42/bin/gcc-4.2 -E -I. -I/Users/carlos/.rvm/rubies/ruby-1.8.7-p358/lib/ruby/1.8/i686-darwin13.1.0 -I.  -D_XOPEN_SOURCE -D_DARWIN_C_SOURCE   -O3 -I/usr/local/opt/libyaml/include -I/usr/local/opt/readline/include -I/usr/local/opt/libksba/include -I/usr/local/opt/openssl098/include  -fno-common -pipe -fno-common    conftest.c -o conftest.i"
checked program was:
/* begin */
1: #include <sys/socket.h>
/* end */

--------------------

have_header: checking for ruby/st.h... -------------------- no

"/usr/local/opt/apple-gcc42/bin/gcc-4.2 -E -I. -I/Users/carlos/.rvm/rubies/ruby-1.8.7-p358/lib/ruby/1.8/i686-darwin13.1.0 -I.  -D_XOPEN_SOURCE -D_DARWIN_C_SOURCE   -O3 -I/usr/local/opt/libyaml/include -I/usr/local/opt/readline/include -I/usr/local/opt/libksba/include -I/usr/local/opt/openssl098/include  -fno-common -pipe -fno-common    conftest.c -o conftest.i"
conftest.c:1:21: error: ruby/st.h: No such file or directory
checked program was:
/* begin */
1: #include <ruby/st.h>
/* end */

--------------------

have_header: checking for st.h... -------------------- yes

"/usr/local/opt/apple-gcc42/bin/gcc-4.2 -E -I. -I/Users/carlos/.rvm/rubies/ruby-1.8.7-p358/lib/ruby/1.8/i686-darwin13.1.0 -I.  -D_XOPEN_SOURCE -D_DARWIN_C_SOURCE   -O3 -I/usr/local/opt/libyaml/include -I/usr/local/opt/readline/include -I/usr/local/opt/libksba/include -I/usr/local/opt/openssl098/include  -fno-common -pipe -fno-common    conftest.c -o conftest.i"
checked program was:
/* begin */
1: #include <st.h>
/* end */

--------------------

